[     742ms] [ERROR] Loading the script 'https://static.cloudflareinsights.com/beacon.min.js/v8c78df7c7c0f484497ecbca7046644da1771523124516' violates the following Content Security Policy directive: "script-src 'self'". Note that 'script-src-elem' was not explicitly set, so 'script-src' is used as a fallback. The action has been blocked. @ https://wame.jacobox.net/:0
[     944ms] [ERROR] Failed to load resource: the server responded with a status of 404 () @ https://wame.jacobox.net/favicon.ico:0
[  110712ms] [ERROR] Failed to load resource: the server responded with a status of 429 () @ https://wame.jacobox.net/instances/devocional/webhooks:0
[  110716ms] [ERROR] Failed to load resource: the server responded with a status of 429 () @ https://wame.jacobox.net/logs?limit=20:0
[  113604ms] [ERROR] Failed to load resource: the server responded with a status of 429 () @ https://wame.jacobox.net/status:0
[  116601ms] [ERROR] Failed to load resource: the server responded with a status of 429 () @ https://wame.jacobox.net/status:0
[  119602ms] [ERROR] Failed to load resource: the server responded with a status of 429 () @ https://wame.jacobox.net/status:0
[  236713ms] [ERROR] Failed to load resource: the server responded with a status of 429 () @ https://wame.jacobox.net/logs?limit=20:0
[  236717ms] [ERROR] Failed to load resource: the server responded with a status of 429 () @ https://wame.jacobox.net/instances/devocional/webhooks:0
[  239612ms] [ERROR] Failed to load resource: the server responded with a status of 429 () @ https://wame.jacobox.net/status:0
[  293604ms] [ERROR] Failed to load resource: the server responded with a status of 429 () @ https://wame.jacobox.net/status:0
[  296602ms] [ERROR] Failed to load resource: the server responded with a status of 429 () @ https://wame.jacobox.net/status:0
[  299602ms] [ERROR] Failed to load resource: the server responded with a status of 429 () @ https://wame.jacobox.net/status:0
[  302603ms] [ERROR] Failed to load resource: the server responded with a status of 429 () @ https://wame.jacobox.net/status:0
[  386715ms] [ERROR] Failed to load resource: the server responded with a status of 429 () @ https://wame.jacobox.net/logs?limit=20:0
[  386718ms] [ERROR] Failed to load resource: the server responded with a status of 429 () @ https://wame.jacobox.net/instances/devocional/webhooks:0
[  389604ms] [ERROR] Failed to load resource: the server responded with a status of 429 () @ https://wame.jacobox.net/status:0
[  392607ms] [ERROR] Failed to load resource: the server responded with a status of 429 () @ https://wame.jacobox.net/status:0
[  395605ms] [ERROR] Failed to load resource: the server responded with a status of 429 () @ https://wame.jacobox.net/status:0
[  449606ms] [ERROR] Failed to load resource: the server responded with a status of 429 () @ https://wame.jacobox.net/status:0
[  452604ms] [ERROR] Failed to load resource: the server responded with a status of 429 () @ https://wame.jacobox.net/status:0
[  455606ms] [ERROR] Failed to load resource: the server responded with a status of 429 () @ https://wame.jacobox.net/status:0
[  509607ms] [ERROR] Failed to load resource: the server responded with a status of 429 () @ https://wame.jacobox.net/status:0
[  512606ms] [ERROR] Failed to load resource: the server responded with a status of 429 () @ https://wame.jacobox.net/status:0
[  515605ms] [ERROR] Failed to load resource: the server responded with a status of 429 () @ https://wame.jacobox.net/status:0
[  569607ms] [ERROR] Failed to load resource: the server responded with a status of 429 () @ https://wame.jacobox.net/status:0
[  572605ms] [ERROR] Failed to load resource: the server responded with a status of 429 () @ https://wame.jacobox.net/status:0
[  575606ms] [ERROR] Failed to load resource: the server responded with a status of 429 () @ https://wame.jacobox.net/status:0
[  629609ms] [ERROR] Failed to load resource: the server responded with a status of 429 () @ https://wame.jacobox.net/status:0
[  632606ms] [ERROR] Failed to load resource: the server responded with a status of 429 () @ https://wame.jacobox.net/status:0
[  635605ms] [ERROR] Failed to load resource: the server responded with a status of 429 () @ https://wame.jacobox.net/status:0
[  689607ms] [ERROR] Failed to load resource: the server responded with a status of 429 () @ https://wame.jacobox.net/status:0
[  692605ms] [ERROR] Failed to load resource: the server responded with a status of 429 () @ https://wame.jacobox.net/status:0
[  695606ms] [ERROR] Failed to load resource: the server responded with a status of 429 () @ https://wame.jacobox.net/status:0
[  749606ms] [ERROR] Failed to load resource: the server responded with a status of 429 () @ https://wame.jacobox.net/status:0
[  752606ms] [ERROR] Failed to load resource: the server responded with a status of 429 () @ https://wame.jacobox.net/status:0
[  755607ms] [ERROR] Failed to load resource: the server responded with a status of 429 () @ https://wame.jacobox.net/status:0
[  809607ms] [ERROR] Failed to load resource: the server responded with a status of 429 () @ https://wame.jacobox.net/status:0
[  812605ms] [ERROR] Failed to load resource: the server responded with a status of 429 () @ https://wame.jacobox.net/status:0
[  815609ms] [ERROR] Failed to load resource: the server responded with a status of 429 () @ https://wame.jacobox.net/status:0
[  869606ms] [ERROR] Failed to load resource: the server responded with a status of 429 () @ https://wame.jacobox.net/status:0
[  872607ms] [ERROR] Failed to load resource: the server responded with a status of 429 () @ https://wame.jacobox.net/status:0
[  875608ms] [ERROR] Failed to load resource: the server responded with a status of 429 () @ https://wame.jacobox.net/status:0
[  929607ms] [ERROR] Failed to load resource: the server responded with a status of 429 () @ https://wame.jacobox.net/status:0
[  932607ms] [ERROR] Failed to load resource: the server responded with a status of 429 () @ https://wame.jacobox.net/status:0
[  935607ms] [ERROR] Failed to load resource: the server responded with a status of 429 () @ https://wame.jacobox.net/status:0
[  938607ms] [ERROR] Failed to load resource: the server responded with a status of 429 () @ https://wame.jacobox.net/status:0
[  989717ms] [ERROR] Failed to load resource: the server responded with a status of 429 () @ https://wame.jacobox.net/logs?limit=20:0
[  989721ms] [ERROR] Failed to load resource: the server responded with a status of 429 () @ https://wame.jacobox.net/instances/devocional/webhooks:0
[  992608ms] [ERROR] Failed to load resource: the server responded with a status of 429 () @ https://wame.jacobox.net/status:0
[  995605ms] [ERROR] Failed to load resource: the server responded with a status of 429 () @ https://wame.jacobox.net/status:0
[  998607ms] [ERROR] Failed to load resource: the server responded with a status of 429 () @ https://wame.jacobox.net/status:0
[ 1049717ms] [ERROR] Failed to load resource: the server responded with a status of 429 () @ https://wame.jacobox.net/logs?limit=20:0
[ 1049720ms] [ERROR] Failed to load resource: the server responded with a status of 429 () @ https://wame.jacobox.net/instances/devocional/webhooks:0
[ 1052608ms] [ERROR] Failed to load resource: the server responded with a status of 429 () @ https://wame.jacobox.net/status:0
[ 1055609ms] [ERROR] Failed to load resource: the server responded with a status of 429 () @ https://wame.jacobox.net/status:0
[ 1058609ms] [ERROR] Failed to load resource: the server responded with a status of 429 () @ https://wame.jacobox.net/status:0
[ 1109718ms] [ERROR] Failed to load resource: the server responded with a status of 429 () @ https://wame.jacobox.net/logs?limit=20:0
[ 1109722ms] [ERROR] Failed to load resource: the server responded with a status of 429 () @ https://wame.jacobox.net/instances/devocional/webhooks:0
[ 1112607ms] [ERROR] Failed to load resource: the server responded with a status of 429 () @ https://wame.jacobox.net/status:0
[ 1115607ms] [ERROR] Failed to load resource: the server responded with a status of 429 () @ https://wame.jacobox.net/status:0
[ 1118607ms] [ERROR] Failed to load resource: the server responded with a status of 429 () @ https://wame.jacobox.net/status:0
[ 1169718ms] [ERROR] Failed to load resource: the server responded with a status of 429 () @ https://wame.jacobox.net/instances/devocional/webhooks:0
[ 1169722ms] [ERROR] Failed to load resource: the server responded with a status of 429 () @ https://wame.jacobox.net/logs?limit=20:0
[ 1172611ms] [ERROR] Failed to load resource: the server responded with a status of 429 () @ https://wame.jacobox.net/status:0
[ 1175606ms] [ERROR] Failed to load resource: the server responded with a status of 429 () @ https://wame.jacobox.net/status:0
[ 1178608ms] [ERROR] Failed to load resource: the server responded with a status of 429 () @ https://wame.jacobox.net/status:0
[ 1232610ms] [ERROR] Failed to load resource: the server responded with a status of 429 () @ https://wame.jacobox.net/status:0
[ 1235612ms] [ERROR] Failed to load resource: the server responded with a status of 429 () @ https://wame.jacobox.net/status:0
[ 1238605ms] [ERROR] Failed to load resource: the server responded with a status of 429 () @ https://wame.jacobox.net/status:0
[ 1241607ms] [ERROR] Failed to load resource: the server responded with a status of 429 () @ https://wame.jacobox.net/status:0
[ 1292719ms] [ERROR] Failed to load resource: the server responded with a status of 429 () @ https://wame.jacobox.net/instances/devocional/webhooks:0
[ 1292722ms] [ERROR] Failed to load resource: the server responded with a status of 429 () @ https://wame.jacobox.net/logs?limit=20:0
[ 1295610ms] [ERROR] Failed to load resource: the server responded with a status of 429 () @ https://wame.jacobox.net/status:0
[ 1298613ms] [ERROR] Failed to load resource: the server responded with a status of 429 () @ https://wame.jacobox.net/status:0
[ 1301610ms] [ERROR] Failed to load resource: the server responded with a status of 429 () @ https://wame.jacobox.net/status:0
[ 1352720ms] [ERROR] Failed to load resource: the server responded with a status of 429 () @ https://wame.jacobox.net/instances/devocional/webhooks:0
[ 1352724ms] [ERROR] Failed to load resource: the server responded with a status of 429 () @ https://wame.jacobox.net/logs?limit=20:0
[ 1355610ms] [ERROR] Failed to load resource: the server responded with a status of 429 () @ https://wame.jacobox.net/status:0
[ 1358609ms] [ERROR] Failed to load resource: the server responded with a status of 429 () @ https://wame.jacobox.net/status:0
[ 1361609ms] [ERROR] Failed to load resource: the server responded with a status of 429 () @ https://wame.jacobox.net/status:0
[ 1415610ms] [ERROR] Failed to load resource: the server responded with a status of 429 () @ https://wame.jacobox.net/status:0
[ 1418612ms] [ERROR] Failed to load resource: the server responded with a status of 429 () @ https://wame.jacobox.net/status:0
[ 1421610ms] [ERROR] Failed to load resource: the server responded with a status of 429 () @ https://wame.jacobox.net/status:0
[ 1475610ms] [ERROR] Failed to load resource: the server responded with a status of 429 () @ https://wame.jacobox.net/status:0
[ 1478612ms] [ERROR] Failed to load resource: the server responded with a status of 429 () @ https://wame.jacobox.net/status:0
[ 1481610ms] [ERROR] Failed to load resource: the server responded with a status of 429 () @ https://wame.jacobox.net/status:0
[ 1535611ms] [ERROR] Failed to load resource: the server responded with a status of 429 () @ https://wame.jacobox.net/status:0
[ 1538619ms] [ERROR] Failed to load resource: the server responded with a status of 429 () @ https://wame.jacobox.net/status:0
[ 1541610ms] [ERROR] Failed to load resource: the server responded with a status of 429 () @ https://wame.jacobox.net/status:0
[ 1595613ms] [ERROR] Failed to load resource: the server responded with a status of 429 () @ https://wame.jacobox.net/status:0
[ 1598611ms] [ERROR] Failed to load resource: the server responded with a status of 429 () @ https://wame.jacobox.net/status:0
[ 1601613ms] [ERROR] Failed to load resource: the server responded with a status of 429 () @ https://wame.jacobox.net/status:0
[ 1655615ms] [ERROR] Failed to load resource: the server responded with a status of 429 () @ https://wame.jacobox.net/status:0
[ 1658613ms] [ERROR] Failed to load resource: the server responded with a status of 429 () @ https://wame.jacobox.net/status:0
[ 1661613ms] [ERROR] Failed to load resource: the server responded with a status of 429 () @ https://wame.jacobox.net/status:0
[ 1664611ms] [ERROR] Failed to load resource: the server responded with a status of 429 () @ https://wame.jacobox.net/status:0
[ 1715727ms] [ERROR] Failed to load resource: the server responded with a status of 429 () @ https://wame.jacobox.net/logs?limit=20:0
[ 1715731ms] [ERROR] Failed to load resource: the server responded with a status of 429 () @ https://wame.jacobox.net/instances/devocional/webhooks:0
[ 1718612ms] [ERROR] Failed to load resource: the server responded with a status of 429 () @ https://wame.jacobox.net/status:0
[ 1721612ms] [ERROR] Failed to load resource: the server responded with a status of 429 () @ https://wame.jacobox.net/status:0
[ 1724613ms] [ERROR] Failed to load resource: the server responded with a status of 429 () @ https://wame.jacobox.net/status:0
[ 1775722ms] [ERROR] Failed to load resource: the server responded with a status of 429 () @ https://wame.jacobox.net/logs?limit=20:0
[ 1775726ms] [ERROR] Failed to load resource: the server responded with a status of 429 () @ https://wame.jacobox.net/instances/devocional/webhooks:0
[ 1778612ms] [ERROR] Failed to load resource: the server responded with a status of 429 () @ https://wame.jacobox.net/status:0
[ 1781612ms] [ERROR] Failed to load resource: the server responded with a status of 429 () @ https://wame.jacobox.net/status:0
[ 1784614ms] [ERROR] Failed to load resource: the server responded with a status of 429 () @ https://wame.jacobox.net/status:0
[ 1835724ms] [ERROR] Failed to load resource: the server responded with a status of 429 () @ https://wame.jacobox.net/logs?limit=20:0
[ 1835727ms] [ERROR] Failed to load resource: the server responded with a status of 429 () @ https://wame.jacobox.net/instances/devocional/webhooks:0
[ 1838613ms] [ERROR] Failed to load resource: the server responded with a status of 429 () @ https://wame.jacobox.net/status:0
[ 1841611ms] [ERROR] Failed to load resource: the server responded with a status of 429 () @ https://wame.jacobox.net/status:0
[ 1844612ms] [ERROR] Failed to load resource: the server responded with a status of 429 () @ https://wame.jacobox.net/status:0
[ 1895723ms] [ERROR] Failed to load resource: the server responded with a status of 429 () @ https://wame.jacobox.net/instances/devocional/webhooks:0
[ 1895726ms] [ERROR] Failed to load resource: the server responded with a status of 429 () @ https://wame.jacobox.net/logs?limit=20:0
[ 1898622ms] [ERROR] Failed to load resource: the server responded with a status of 429 () @ https://wame.jacobox.net/status:0
[ 1901613ms] [ERROR] Failed to load resource: the server responded with a status of 429 () @ https://wame.jacobox.net/status:0
[ 1904611ms] [ERROR] Failed to load resource: the server responded with a status of 429 () @ https://wame.jacobox.net/status:0
[ 1952724ms] [ERROR] Failed to load resource: the server responded with a status of 429 () @ https://wame.jacobox.net/instances/devocional/webhooks:0
[ 1952728ms] [ERROR] Failed to load resource: the server responded with a status of 429 () @ https://wame.jacobox.net/logs?limit=20:0
[ 1955615ms] [ERROR] Failed to load resource: the server responded with a status of 429 () @ https://wame.jacobox.net/status:0
[ 1958614ms] [ERROR] Failed to load resource: the server responded with a status of 429 () @ https://wame.jacobox.net/status:0
[ 1961614ms] [ERROR] Failed to load resource: the server responded with a status of 429 () @ https://wame.jacobox.net/status:0
[ 1964615ms] [ERROR] Failed to load resource: the server responded with a status of 429 () @ https://wame.jacobox.net/status:0
[ 2015724ms] [ERROR] Failed to load resource: the server responded with a status of 429 () @ https://wame.jacobox.net/instances/devocional/webhooks:0
[ 2015727ms] [ERROR] Failed to load resource: the server responded with a status of 429 () @ https://wame.jacobox.net/logs?limit=20:0
[ 2018613ms] [ERROR] Failed to load resource: the server responded with a status of 429 () @ https://wame.jacobox.net/status:0
[ 2021613ms] [ERROR] Failed to load resource: the server responded with a status of 429 () @ https://wame.jacobox.net/status:0
[ 2024613ms] [ERROR] Failed to load resource: the server responded with a status of 429 () @ https://wame.jacobox.net/status:0
[ 2075726ms] [ERROR] Failed to load resource: the server responded with a status of 429 () @ https://wame.jacobox.net/logs?limit=20:0
[ 2075729ms] [ERROR] Failed to load resource: the server responded with a status of 429 () @ https://wame.jacobox.net/instances/devocional/webhooks:0
[ 2078614ms] [ERROR] Failed to load resource: the server responded with a status of 429 () @ https://wame.jacobox.net/status:0
[ 2081616ms] [ERROR] Failed to load resource: the server responded with a status of 429 () @ https://wame.jacobox.net/status:0
[ 2084616ms] [ERROR] Failed to load resource: the server responded with a status of 429 () @ https://wame.jacobox.net/status:0
[ 2135724ms] [ERROR] Failed to load resource: the server responded with a status of 429 () @ https://wame.jacobox.net/logs?limit=20:0
[ 2135728ms] [ERROR] Failed to load resource: the server responded with a status of 429 () @ https://wame.jacobox.net/instances/devocional/webhooks:0
[ 2138612ms] [ERROR] Failed to load resource: the server responded with a status of 429 () @ https://wame.jacobox.net/status:0
[ 2141617ms] [ERROR] Failed to load resource: the server responded with a status of 429 () @ https://wame.jacobox.net/status:0
[ 2144615ms] [ERROR] Failed to load resource: the server responded with a status of 429 () @ https://wame.jacobox.net/status:0
[ 2198615ms] [ERROR] Failed to load resource: the server responded with a status of 429 () @ https://wame.jacobox.net/status:0
[ 2201616ms] [ERROR] Failed to load resource: the server responded with a status of 429 () @ https://wame.jacobox.net/status:0
[ 2204614ms] [ERROR] Failed to load resource: the server responded with a status of 429 () @ https://wame.jacobox.net/status:0
[ 2231281ms] [ERROR] Loading the script 'https://static.cloudflareinsights.com/beacon.min.js/v8c78df7c7c0f484497ecbca7046644da1771523124516' violates the following Content Security Policy directive: "script-src 'self'". Note that 'script-src-elem' was not explicitly set, so 'script-src' is used as a fallback. The action has been blocked. @ https://wame.jacobox.net/:0
[ 2251562ms] [ERROR] Failed to load resource: the server responded with a status of 429 () @ https://wame.jacobox.net/status:0
[ 2254562ms] [ERROR] Failed to load resource: the server responded with a status of 429 () @ https://wame.jacobox.net/status:0
[ 2257562ms] [ERROR] Failed to load resource: the server responded with a status of 429 () @ https://wame.jacobox.net/status:0
[ 2258181ms] [ERROR] Failed to load resource: the server responded with a status of 429 () @ https://wame.jacobox.net/instances/devocional/webhooks:0
[ 2260563ms] [ERROR] Failed to load resource: the server responded with a status of 429 () @ https://wame.jacobox.net/status:0
[ 2263564ms] [ERROR] Failed to load resource: the server responded with a status of 429 () @ https://wame.jacobox.net/status:0
[ 2265517ms] [ERROR] Failed to load resource: the server responded with a status of 429 () @ https://wame.jacobox.net/:0
[ 2269401ms] [ERROR] Loading the script 'https://static.cloudflareinsights.com/beacon.min.js/v8c78df7c7c0f484497ecbca7046644da1771523124516' violates the following Content Security Policy directive: "script-src 'self'". Note that 'script-src-elem' was not explicitly set, so 'script-src' is used as a fallback. The action has been blocked. @ https://wame.jacobox.net/:0
[ 2319091ms] [ERROR] Failed to load resource: the server responded with a status of 429 () @ https://wame.jacobox.net/status:0
[ 2322091ms] [ERROR] Failed to load resource: the server responded with a status of 429 () @ https://wame.jacobox.net/status:0
[ 2325092ms] [ERROR] Failed to load resource: the server responded with a status of 429 () @ https://wame.jacobox.net/status:0
[ 2328093ms] [ERROR] Failed to load resource: the server responded with a status of 429 () @ https://wame.jacobox.net/status:0
[ 2379202ms] [ERROR] Failed to load resource: the server responded with a status of 429 () @ https://wame.jacobox.net/logs?limit=20:0
[ 2379205ms] [ERROR] Failed to load resource: the server responded with a status of 429 () @ https://wame.jacobox.net/instances/devocional/webhooks:0
[ 2382093ms] [ERROR] Failed to load resource: the server responded with a status of 429 () @ https://wame.jacobox.net/status:0
[ 2385092ms] [ERROR] Failed to load resource: the server responded with a status of 429 () @ https://wame.jacobox.net/status:0
[ 2388092ms] [ERROR] Failed to load resource: the server responded with a status of 429 () @ https://wame.jacobox.net/status:0
[ 2439204ms] [ERROR] Failed to load resource: the server responded with a status of 429 () @ https://wame.jacobox.net/instances/devocional/webhooks:0
[ 2439207ms] [ERROR] Failed to load resource: the server responded with a status of 429 () @ https://wame.jacobox.net/logs?limit=20:0
[ 2442093ms] [ERROR] Failed to load resource: the server responded with a status of 429 () @ https://wame.jacobox.net/status:0
[ 2445093ms] [ERROR] Failed to load resource: the server responded with a status of 429 () @ https://wame.jacobox.net/status:0
[ 2448093ms] [ERROR] Failed to load resource: the server responded with a status of 429 () @ https://wame.jacobox.net/status:0
[ 2502094ms] [ERROR] Failed to load resource: the server responded with a status of 429 () @ https://wame.jacobox.net/status:0
[ 2505092ms] [ERROR] Failed to load resource: the server responded with a status of 429 () @ https://wame.jacobox.net/status:0
[ 2508091ms] [ERROR] Failed to load resource: the server responded with a status of 429 () @ https://wame.jacobox.net/status:0
[ 2511093ms] [ERROR] Failed to load resource: the server responded with a status of 429 () @ https://wame.jacobox.net/status:0
[ 2562204ms] [ERROR] Failed to load resource: the server responded with a status of 429 () @ https://wame.jacobox.net/instances/devocional/webhooks:0
[ 2562207ms] [ERROR] Failed to load resource: the server responded with a status of 429 () @ https://wame.jacobox.net/logs?limit=20:0
[ 2565092ms] [ERROR] Failed to load resource: the server responded with a status of 429 () @ https://wame.jacobox.net/status:0
[ 2568092ms] [ERROR] Failed to load resource: the server responded with a status of 429 () @ https://wame.jacobox.net/status:0
[ 2571094ms] [ERROR] Failed to load resource: the server responded with a status of 429 () @ https://wame.jacobox.net/status:0
[ 2625094ms] [ERROR] Failed to load resource: the server responded with a status of 429 () @ https://wame.jacobox.net/status:0
[ 2628093ms] [ERROR] Failed to load resource: the server responded with a status of 429 () @ https://wame.jacobox.net/status:0
[ 2631093ms] [ERROR] Failed to load resource: the server responded with a status of 429 () @ https://wame.jacobox.net/status:0
[ 2685094ms] [ERROR] Failed to load resource: the server responded with a status of 429 () @ https://wame.jacobox.net/status:0
[ 2688094ms] [ERROR] Failed to load resource: the server responded with a status of 429 () @ https://wame.jacobox.net/status:0
[ 2691095ms] [ERROR] Failed to load resource: the server responded with a status of 429 () @ https://wame.jacobox.net/status:0
[ 2694093ms] [ERROR] Failed to load resource: the server responded with a status of 429 () @ https://wame.jacobox.net/status:0
[ 2745198ms] [ERROR] Failed to load resource: the server responded with a status of 429 () @ https://wame.jacobox.net/instances/devocional/webhooks:0
[ 2745201ms] [ERROR] Failed to load resource: the server responded with a status of 429 () @ https://wame.jacobox.net/logs?limit=20:0
[ 2748095ms] [ERROR] Failed to load resource: the server responded with a status of 429 () @ https://wame.jacobox.net/status:0
[ 2751093ms] [ERROR] Failed to load resource: the server responded with a status of 429 () @ https://wame.jacobox.net/status:0
[ 2754095ms] [ERROR] Failed to load resource: the server responded with a status of 429 () @ https://wame.jacobox.net/status:0
[ 2805207ms] [ERROR] Failed to load resource: the server responded with a status of 429 () @ https://wame.jacobox.net/logs?limit=20:0
[ 2805210ms] [ERROR] Failed to load resource: the server responded with a status of 429 () @ https://wame.jacobox.net/instances/devocional/webhooks:0
[ 2808096ms] [ERROR] Failed to load resource: the server responded with a status of 429 () @ https://wame.jacobox.net/status:0
[ 2811095ms] [ERROR] Failed to load resource: the server responded with a status of 429 () @ https://wame.jacobox.net/status:0
[ 2814096ms] [ERROR] Failed to load resource: the server responded with a status of 429 () @ https://wame.jacobox.net/status:0
[ 2865206ms] [ERROR] Failed to load resource: the server responded with a status of 429 () @ https://wame.jacobox.net/logs?limit=20:0
[ 2865210ms] [ERROR] Failed to load resource: the server responded with a status of 429 () @ https://wame.jacobox.net/instances/devocional/webhooks:0
[ 2868097ms] [ERROR] Failed to load resource: the server responded with a status of 429 () @ https://wame.jacobox.net/status:0
[ 2871096ms] [ERROR] Failed to load resource: the server responded with a status of 429 () @ https://wame.jacobox.net/status:0
[ 2874095ms] [ERROR] Failed to load resource: the server responded with a status of 429 () @ https://wame.jacobox.net/status:0
[ 2925207ms] [ERROR] Failed to load resource: the server responded with a status of 429 () @ https://wame.jacobox.net/logs?limit=20:0
[ 2925210ms] [ERROR] Failed to load resource: the server responded with a status of 429 () @ https://wame.jacobox.net/instances/devocional/webhooks:0
[ 2928096ms] [ERROR] Failed to load resource: the server responded with a status of 429 () @ https://wame.jacobox.net/status:0
[ 2931096ms] [ERROR] Failed to load resource: the server responded with a status of 429 () @ https://wame.jacobox.net/status:0
[ 2934095ms] [ERROR] Failed to load resource: the server responded with a status of 429 () @ https://wame.jacobox.net/status:0
[ 2985209ms] [ERROR] Failed to load resource: the server responded with a status of 429 () @ https://wame.jacobox.net/logs?limit=20:0
[ 2985212ms] [ERROR] Failed to load resource: the server responded with a status of 429 () @ https://wame.jacobox.net/instances/devocional/webhooks:0
[ 2988097ms] [ERROR] Failed to load resource: the server responded with a status of 429 () @ https://wame.jacobox.net/status:0
[ 2991096ms] [ERROR] Failed to load resource: the server responded with a status of 429 () @ https://wame.jacobox.net/status:0
[ 2994098ms] [ERROR] Failed to load resource: the server responded with a status of 429 () @ https://wame.jacobox.net/status:0
[ 3045208ms] [ERROR] Failed to load resource: the server responded with a status of 429 () @ https://wame.jacobox.net/logs?limit=20:0
[ 3045211ms] [ERROR] Failed to load resource: the server responded with a status of 429 () @ https://wame.jacobox.net/instances/devocional/webhooks:0
[ 3048097ms] [ERROR] Failed to load resource: the server responded with a status of 429 () @ https://wame.jacobox.net/status:0
[ 3051099ms] [ERROR] Failed to load resource: the server responded with a status of 429 () @ https://wame.jacobox.net/status:0
[ 3054096ms] [ERROR] Failed to load resource: the server responded with a status of 429 () @ https://wame.jacobox.net/status:0
[ 3108099ms] [ERROR] Failed to load resource: the server responded with a status of 429 () @ https://wame.jacobox.net/status:0
[ 3111097ms] [ERROR] Failed to load resource: the server responded with a status of 429 () @ https://wame.jacobox.net/status:0
[ 3114097ms] [ERROR] Failed to load resource: the server responded with a status of 429 () @ https://wame.jacobox.net/status:0
[ 3168100ms] [ERROR] Failed to load resource: the server responded with a status of 429 () @ https://wame.jacobox.net/status:0
[ 3171097ms] [ERROR] Failed to load resource: the server responded with a status of 429 () @ https://wame.jacobox.net/status:0
[ 3174098ms] [ERROR] Failed to load resource: the server responded with a status of 429 () @ https://wame.jacobox.net/status:0
[ 3177098ms] [ERROR] Failed to load resource: the server responded with a status of 429 () @ https://wame.jacobox.net/status:0
[ 3228207ms] [ERROR] Failed to load resource: the server responded with a status of 429 () @ https://wame.jacobox.net/instances/devocional/webhooks:0
[ 3228210ms] [ERROR] Failed to load resource: the server responded with a status of 429 () @ https://wame.jacobox.net/logs?limit=20:0
[ 3231099ms] [ERROR] Failed to load resource: the server responded with a status of 429 () @ https://wame.jacobox.net/status:0
[ 3234099ms] [ERROR] Failed to load resource: the server responded with a status of 429 () @ https://wame.jacobox.net/status:0
[ 3237098ms] [ERROR] Failed to load resource: the server responded with a status of 429 () @ https://wame.jacobox.net/status:0
[ 3288210ms] [ERROR] Failed to load resource: the server responded with a status of 429 () @ https://wame.jacobox.net/instances/devocional/webhooks:0
[ 3288213ms] [ERROR] Failed to load resource: the server responded with a status of 429 () @ https://wame.jacobox.net/logs?limit=20:0
[ 3291100ms] [ERROR] Failed to load resource: the server responded with a status of 429 () @ https://wame.jacobox.net/status:0
[ 3294098ms] [ERROR] Failed to load resource: the server responded with a status of 429 () @ https://wame.jacobox.net/status:0
[ 3297096ms] [ERROR] Failed to load resource: the server responded with a status of 429 () @ https://wame.jacobox.net/status:0
[ 3348208ms] [ERROR] Failed to load resource: the server responded with a status of 429 () @ https://wame.jacobox.net/instances/devocional/webhooks:0
[ 3348211ms] [ERROR] Failed to load resource: the server responded with a status of 429 () @ https://wame.jacobox.net/logs?limit=20:0
[ 3351097ms] [ERROR] Failed to load resource: the server responded with a status of 429 () @ https://wame.jacobox.net/status:0
[ 3354098ms] [ERROR] Failed to load resource: the server responded with a status of 429 () @ https://wame.jacobox.net/status:0
[ 3357104ms] [ERROR] Failed to load resource: the server responded with a status of 429 () @ https://wame.jacobox.net/status:0
[ 3411101ms] [ERROR] Failed to load resource: the server responded with a status of 429 () @ https://wame.jacobox.net/status:0
[ 3414100ms] [ERROR] Failed to load resource: the server responded with a status of 429 () @ https://wame.jacobox.net/status:0
[ 3417099ms] [ERROR] Failed to load resource: the server responded with a status of 429 () @ https://wame.jacobox.net/status:0
[ 3471102ms] [ERROR] Failed to load resource: the server responded with a status of 429 () @ https://wame.jacobox.net/status:0
[ 3474099ms] [ERROR] Failed to load resource: the server responded with a status of 429 () @ https://wame.jacobox.net/status:0
[ 3477098ms] [ERROR] Failed to load resource: the server responded with a status of 429 () @ https://wame.jacobox.net/status:0
[ 3531100ms] [ERROR] Failed to load resource: the server responded with a status of 429 () @ https://wame.jacobox.net/status:0
[ 3534100ms] [ERROR] Failed to load resource: the server responded with a status of 429 () @ https://wame.jacobox.net/status:0
[ 3537100ms] [ERROR] Failed to load resource: the server responded with a status of 429 () @ https://wame.jacobox.net/status:0
[ 3540098ms] [ERROR] Failed to load resource: the server responded with a status of 429 () @ https://wame.jacobox.net/status:0
[ 3591100ms] [ERROR] Failed to load resource: the server responded with a status of 429 () @ https://wame.jacobox.net/status:0
[ 3594100ms] [ERROR] Failed to load resource: the server responded with a status of 429 () @ https://wame.jacobox.net/status:0
[ 3597099ms] [ERROR] Failed to load resource: the server responded with a status of 429 () @ https://wame.jacobox.net/status:0
[ 3600101ms] [ERROR] Failed to load resource: the server responded with a status of 429 () @ https://wame.jacobox.net/status:0
[ 3654103ms] [ERROR] Failed to load resource: the server responded with a status of 429 () @ https://wame.jacobox.net/status:0
[ 3657100ms] [ERROR] Failed to load resource: the server responded with a status of 429 () @ https://wame.jacobox.net/status:0
[ 3660100ms] [ERROR] Failed to load resource: the server responded with a status of 429 () @ https://wame.jacobox.net/status:0
[ 3714102ms] [ERROR] Failed to load resource: the server responded with a status of 429 () @ https://wame.jacobox.net/status:0
[ 3717105ms] [ERROR] Failed to load resource: the server responded with a status of 429 () @ https://wame.jacobox.net/status:0
[ 3720100ms] [ERROR] Failed to load resource: the server responded with a status of 429 () @ https://wame.jacobox.net/status:0
[ 3723098ms] [ERROR] Failed to load resource: the server responded with a status of 429 () @ https://wame.jacobox.net/status:0
[ 3774210ms] [ERROR] Failed to load resource: the server responded with a status of 429 () @ https://wame.jacobox.net/logs?limit=20:0
[ 3774214ms] [ERROR] Failed to load resource: the server responded with a status of 429 () @ https://wame.jacobox.net/instances/devocional/webhooks:0
[ 3777102ms] [ERROR] Failed to load resource: the server responded with a status of 429 () @ https://wame.jacobox.net/status:0
[ 3780101ms] [ERROR] Failed to load resource: the server responded with a status of 429 () @ https://wame.jacobox.net/status:0
[ 3783100ms] [ERROR] Failed to load resource: the server responded with a status of 429 () @ https://wame.jacobox.net/status:0
[ 3834212ms] [ERROR] Failed to load resource: the server responded with a status of 429 () @ https://wame.jacobox.net/instances/devocional/webhooks:0
[ 3834216ms] [ERROR] Failed to load resource: the server responded with a status of 429 () @ https://wame.jacobox.net/logs?limit=20:0
[ 3837102ms] [ERROR] Failed to load resource: the server responded with a status of 429 () @ https://wame.jacobox.net/status:0
[ 3840101ms] [ERROR] Failed to load resource: the server responded with a status of 429 () @ https://wame.jacobox.net/status:0
[ 3843101ms] [ERROR] Failed to load resource: the server responded with a status of 429 () @ https://wame.jacobox.net/status:0
[ 3894209ms] [ERROR] Failed to load resource: the server responded with a status of 429 () @ https://wame.jacobox.net/instances/devocional/webhooks:0
[ 3894213ms] [ERROR] Failed to load resource: the server responded with a status of 429 () @ https://wame.jacobox.net/logs?limit=20:0
[ 3897103ms] [ERROR] Failed to load resource: the server responded with a status of 429 () @ https://wame.jacobox.net/status:0
[ 3900098ms] [ERROR] Failed to load resource: the server responded with a status of 429 () @ https://wame.jacobox.net/status:0
[ 3903103ms] [ERROR] Failed to load resource: the server responded with a status of 429 () @ https://wame.jacobox.net/status:0
[ 3954212ms] [ERROR] Failed to load resource: the server responded with a status of 429 () @ https://wame.jacobox.net/logs?limit=20:0
[ 3954216ms] [ERROR] Failed to load resource: the server responded with a status of 429 () @ https://wame.jacobox.net/instances/devocional/webhooks:0
[ 3957105ms] [ERROR] Failed to load resource: the server responded with a status of 429 () @ https://wame.jacobox.net/status:0
[ 3960102ms] [ERROR] Failed to load resource: the server responded with a status of 429 () @ https://wame.jacobox.net/status:0
[ 3963103ms] [ERROR] Failed to load resource: the server responded with a status of 429 () @ https://wame.jacobox.net/status:0
[ 4014210ms] [ERROR] Failed to load resource: the server responded with a status of 429 () @ https://wame.jacobox.net/logs?limit=20:0
[ 4014214ms] [ERROR] Failed to load resource: the server responded with a status of 429 () @ https://wame.jacobox.net/instances/devocional/webhooks:0
[ 4017103ms] [ERROR] Failed to load resource: the server responded with a status of 429 () @ https://wame.jacobox.net/status:0
[ 4020103ms] [ERROR] Failed to load resource: the server responded with a status of 429 () @ https://wame.jacobox.net/status:0
[ 4023100ms] [ERROR] Failed to load resource: the server responded with a status of 429 () @ https://wame.jacobox.net/status:0
[ 4074214ms] [ERROR] Failed to load resource: the server responded with a status of 429 () @ https://wame.jacobox.net/instances/devocional/webhooks:0
[ 4074217ms] [ERROR] Failed to load resource: the server responded with a status of 429 () @ https://wame.jacobox.net/logs?limit=20:0
[ 4077103ms] [ERROR] Failed to load resource: the server responded with a status of 429 () @ https://wame.jacobox.net/status:0
[ 4080102ms] [ERROR] Failed to load resource: the server responded with a status of 429 () @ https://wame.jacobox.net/status:0
[ 4083103ms] [ERROR] Failed to load resource: the server responded with a status of 429 () @ https://wame.jacobox.net/status:0
[ 4134212ms] [ERROR] Failed to load resource: the server responded with a status of 429 () @ https://wame.jacobox.net/logs?limit=20:0
[ 4134216ms] [ERROR] Failed to load resource: the server responded with a status of 429 () @ https://wame.jacobox.net/instances/devocional/webhooks:0
[ 4137105ms] [ERROR] Failed to load resource: the server responded with a status of 429 () @ https://wame.jacobox.net/status:0
[ 4140102ms] [ERROR] Failed to load resource: the server responded with a status of 429 () @ https://wame.jacobox.net/status:0
[ 4143103ms] [ERROR] Failed to load resource: the server responded with a status of 429 () @ https://wame.jacobox.net/status:0
[ 4194214ms] [ERROR] Failed to load resource: the server responded with a status of 429 () @ https://wame.jacobox.net/logs?limit=20:0
[ 4194217ms] [ERROR] Failed to load resource: the server responded with a status of 429 () @ https://wame.jacobox.net/instances/devocional/webhooks:0
[ 4197101ms] [ERROR] Failed to load resource: the server responded with a status of 429 () @ https://wame.jacobox.net/status:0
[ 4200102ms] [ERROR] Failed to load resource: the server responded with a status of 429 () @ https://wame.jacobox.net/status:0
[ 4203104ms] [ERROR] Failed to load resource: the server responded with a status of 429 () @ https://wame.jacobox.net/status:0
[ 4254208ms] [ERROR] Failed to load resource: the server responded with a status of 429 () @ https://wame.jacobox.net/instances/devocional/webhooks:0
[ 4254212ms] [ERROR] Failed to load resource: the server responded with a status of 429 () @ https://wame.jacobox.net/logs?limit=20:0
[ 4257104ms] [ERROR] Failed to load resource: the server responded with a status of 429 () @ https://wame.jacobox.net/status:0
[ 4260103ms] [ERROR] Failed to load resource: the server responded with a status of 429 () @ https://wame.jacobox.net/status:0
[ 4263103ms] [ERROR] Failed to load resource: the server responded with a status of 429 () @ https://wame.jacobox.net/status:0
[ 4317105ms] [ERROR] Failed to load resource: the server responded with a status of 429 () @ https://wame.jacobox.net/status:0
[ 4320103ms] [ERROR] Failed to load resource: the server responded with a status of 429 () @ https://wame.jacobox.net/status:0
[ 4323104ms] [ERROR] Failed to load resource: the server responded with a status of 429 () @ https://wame.jacobox.net/status:0
